D:\YX_TOOLS\CODE\SYMBLOCK\X64\DEBUG\SYMBLOCK.OBJ
D:\YX_TOOLS\CODE\SYMBLOCK\X64\DEBUG\VC110.PDB
D:\YX_TOOLS\APPLICATION\SYMBLOCK.ILK
D:\YX_TOOLS\APPLICATION\SYMBLOCK.DLL
D:\YX_TOOLS\CODE\SYMBLOCK\X64\DEBUG\SYMBLOCK.PDB
D:\YX_Tools\Code\SymBlock\x64\Debug\SymBlock.lib
D:\YX_Tools\Code\SymBlock\x64\Debug\SymBlock.exp
D:\YX_Tools\Code\SymBlock\x64\Debug\SymBlock.obj
D:\YX_Tools\Code\SymBlock\x64\Debug\cl.command.1.tlog
D:\YX_Tools\Code\SymBlock\x64\Debug\CL.read.1.tlog
D:\YX_Tools\Code\SymBlock\x64\Debug\CL.write.1.tlog
D:\YX_Tools\Code\SymBlock\x64\Debug\link-cvtres.read.1.tlog
D:\YX_Tools\Code\SymBlock\x64\Debug\link-cvtres.write.1.tlog
D:\YX_Tools\Code\SymBlock\x64\Debug\link-mt.read.1.tlog
D:\YX_Tools\Code\SymBlock\x64\Debug\link-mt.write.1.tlog
D:\YX_Tools\Code\SymBlock\x64\Debug\link-rc.read.1.tlog
D:\YX_Tools\Code\SymBlock\x64\Debug\link-rc.write.1.tlog
D:\YX_Tools\Code\SymBlock\x64\Debug\link.command.1.tlog
D:\YX_Tools\Code\SymBlock\x64\Debug\link.read.1.tlog
D:\YX_Tools\Code\SymBlock\x64\Debug\link.write.1.tlog
D:\YX_Tools\Code\SymBlock\x64\Debug\SymBlock.write.1.tlog
D:\YX_Tools\Code\SymBlock\x64\Debug\vc110.idb
D:\YX_Tools\Code\SymBlock\x64\Debug\SymBlock.pdb
D:\YX_Tools\Code\SymBlock\x64\Debug\vc110.pdb
