D:\YX_TOOLS\CODE\YX_BODY_INFO\X64\DEBUG\YX_BODY_INFO.OBJ
D:\YX_TOOLS\CODE\YX_BODY_INFO\X64\DEBUG\VC110.PDB
D:\YX_TOOLS\APPLICATION\YX_BODY_INFO.ILK
D:\YX_TOOLS\APPLICATION\YX_BODY_INFO.DLL
D:\YX_TOOLS\CODE\YX_BODY_INFO\X64\DEBUG\YX_BODY_INFO.PDB
D:\YX_Tools\Code\YX_Body_info\x64\Debug\YX_Body_info.lib
D:\YX_Tools\Code\YX_Body_info\x64\Debug\YX_Body_info.exp
D:\YX_Tools\Code\YX_Body_info\x64\Debug\YX_Body_info.obj
D:\YX_Tools\Code\YX_Body_info\x64\Debug\cl.command.1.tlog
D:\YX_Tools\Code\YX_Body_info\x64\Debug\CL.read.1.tlog
D:\YX_Tools\Code\YX_Body_info\x64\Debug\CL.write.1.tlog
D:\YX_Tools\Code\YX_Body_info\x64\Debug\link-cvtres.read.1.tlog
D:\YX_Tools\Code\YX_Body_info\x64\Debug\link-cvtres.write.1.tlog
D:\YX_Tools\Code\YX_Body_info\x64\Debug\link-mt.read.1.tlog
D:\YX_Tools\Code\YX_Body_info\x64\Debug\link-mt.write.1.tlog
D:\YX_Tools\Code\YX_Body_info\x64\Debug\link-rc.read.1.tlog
D:\YX_Tools\Code\YX_Body_info\x64\Debug\link-rc.write.1.tlog
D:\YX_Tools\Code\YX_Body_info\x64\Debug\link.command.1.tlog
D:\YX_Tools\Code\YX_Body_info\x64\Debug\link.read.1.tlog
D:\YX_Tools\Code\YX_Body_info\x64\Debug\link.write.1.tlog
D:\YX_Tools\Code\YX_Body_info\x64\Debug\YX_Body_info.write.1.tlog
D:\YX_Tools\Code\YX_Body_info\x64\Debug\vc110.idb
D:\YX_Tools\Code\YX_Body_info\x64\Debug\vc110.pdb
D:\YX_Tools\Code\YX_Body_info\x64\Debug\YX_Body_info.pdb
